<?xml version="1.0" encoding="UTF-8" ?>
<testsuites>
  <testsuite errors="1" failures="0" hostname="Anays-MacBook-Pro.local" id="0" name="CityTest" package="tests" skipped="0" tests="1" time="0.0" timestamp="2018-09-18T06:10:59">
      <properties>
[...]
</properties>

      <error message="tests.CityTest" type="java.lang.ClassNotFoundException">java.lang.ClassNotFoundException: tests.CityTest
	at java.net.URLClassLoader.findClass(URLClassLoader.java:381)
	at java.lang.ClassLoader.loadClass(ClassLoader.java:424)
	at sun.misc.Launcher$AppClassLoader.loadClass(Launcher.java:338)
	at java.lang.ClassLoader.loadClass(ClassLoader.java:357)
	at java.lang.Class.forName0(Native Method)
	at java.lang.Class.forName(Class.java:264)
</error>

      <system-out><![CDATA[]]></system-out>

      <system-err><![CDATA[]]></system-err>

  </testsuite>
  <testsuite errors="1" failures="0" hostname="Anays-MacBook-Pro.local" id="1" name="FlightGraphTest" package="tests" skipped="0" tests="1" time="0.0" timestamp="2018-09-18T06:11:00">
      <properties>
[...]
</properties>

      <error message="tests.FlightGraphTest" type="java.lang.ClassNotFoundException">java.lang.ClassNotFoundException: tests.FlightGraphTest
	at java.net.URLClassLoader.findClass(URLClassLoader.java:381)
	at java.lang.ClassLoader.loadClass(ClassLoader.java:424)
	at sun.misc.Launcher$AppClassLoader.loadClass(Launcher.java:338)
	at java.lang.ClassLoader.loadClass(ClassLoader.java:357)
	at java.lang.Class.forName0(Native Method)
	at java.lang.Class.forName(Class.java:264)
</error>

      <system-out><![CDATA[]]></system-out>

      <system-err><![CDATA[]]></system-err>

  </testsuite>
  <testsuite errors="1" failures="0" hostname="Anays-MacBook-Pro.local" id="2" name="FlightTest" package="tests" skipped="0" tests="1" time="0.0" timestamp="2018-09-18T06:11:00">
      <properties>
[...]
</properties>

      <error message="tests.FlightTest" type="java.lang.ClassNotFoundException">java.lang.ClassNotFoundException: tests.FlightTest
	at java.net.URLClassLoader.findClass(URLClassLoader.java:381)
	at java.lang.ClassLoader.loadClass(ClassLoader.java:424)
	at sun.misc.Launcher$AppClassLoader.loadClass(Launcher.java:338)
	at java.lang.ClassLoader.loadClass(ClassLoader.java:357)
	at java.lang.Class.forName0(Native Method)
	at java.lang.Class.forName(Class.java:264)
</error>

      <system-out><![CDATA[]]></system-out>

      <system-err><![CDATA[]]></system-err>

  </testsuite>
</testsuites>
